
--- Job final_firstDecision2.gms Start 03/18/25 19:16:49 46.2.0 ac4adda6 WEX-WEI x86 64bit/MS Windows
--- Applying:
    C:\GAMS\46\gmsprmNT.txt
--- GAMS Parameters defined
    Input "C:\Users\sebas\Documents\CloudDrive\Uni\WS24\Research Project\gams\final_firstDecision2.gms"
    PageSize 0
    ScrDir "C:\Users\sebas\Documents\CloudDrive\Uni\WS24\Research Project\gams\225b\"
    SysDir C:\GAMS\46\
    LogOption 3
    ErrMsg 1
    ErrorLog 99
    IDE 1
    LstTitleLeftAligned 1
Licensee: Course License                                 S241105|0002AO-GEN
          Dresden University of Technology                          DCE3851
          C:\Users\sebas\Documents\GAMS\gamslice.txt
          License Admin: Hannes Hobbie, hannes.hobbie@tu-dresden.de        
          Course license for use within the course and related course work
          The evaluation period of the license will expire on May 04, 2025
Processor information: 1 socket(s), 8 core(s), and 16 thread(s) available
GAMS 46.2.0   Copyright (C) 1987-2024 GAMS Development. All rights reserved
--- Starting compilation
--- final_firstDecision2.gms(45) 3 Mb 6 Errors
*** Error 170 in C:\Users\sebas\Documents\CloudDrive\Uni\WS24\Research Project\gams\final_firstDecision2.gms
    Domain violation for element
*** Error 148 in C:\Users\sebas\Documents\CloudDrive\Uni\WS24\Research Project\gams\final_firstDecision2.gms
    Dimension different - The symbol is referenced with more/less
       indices as declared
*** Error 170 in C:\Users\sebas\Documents\CloudDrive\Uni\WS24\Research Project\gams\final_firstDecision2.gms
    Domain violation for element
*** Error 161 in C:\Users\sebas\Documents\CloudDrive\Uni\WS24\Research Project\gams\final_firstDecision2.gms
    Conflicting dimensions in element
*** Error 170 in C:\Users\sebas\Documents\CloudDrive\Uni\WS24\Research Project\gams\final_firstDecision2.gms
    Domain violation for element
*** Error 161 in C:\Users\sebas\Documents\CloudDrive\Uni\WS24\Research Project\gams\final_firstDecision2.gms
    Conflicting dimensions in element
--- final_firstDecision2.gms(46) 3 Mb 12 Errors
*** Error 170 in C:\Users\sebas\Documents\CloudDrive\Uni\WS24\Research Project\gams\final_firstDecision2.gms
    Domain violation for element
*** Error 148 in C:\Users\sebas\Documents\CloudDrive\Uni\WS24\Research Project\gams\final_firstDecision2.gms
    Dimension different - The symbol is referenced with more/less
       indices as declared
*** Error 170 in C:\Users\sebas\Documents\CloudDrive\Uni\WS24\Research Project\gams\final_firstDecision2.gms
    Domain violation for element
*** Error 161 in C:\Users\sebas\Documents\CloudDrive\Uni\WS24\Research Project\gams\final_firstDecision2.gms
    Conflicting dimensions in element
*** Error 170 in C:\Users\sebas\Documents\CloudDrive\Uni\WS24\Research Project\gams\final_firstDecision2.gms
    Domain violation for element
*** Error 161 in C:\Users\sebas\Documents\CloudDrive\Uni\WS24\Research Project\gams\final_firstDecision2.gms
    Conflicting dimensions in element
--- final_firstDecision2.gms(47) 3 Mb 18 Errors
*** Error 170 in C:\Users\sebas\Documents\CloudDrive\Uni\WS24\Research Project\gams\final_firstDecision2.gms
    Domain violation for element
*** Error 148 in C:\Users\sebas\Documents\CloudDrive\Uni\WS24\Research Project\gams\final_firstDecision2.gms
    Dimension different - The symbol is referenced with more/less
       indices as declared
*** Error 170 in C:\Users\sebas\Documents\CloudDrive\Uni\WS24\Research Project\gams\final_firstDecision2.gms
    Domain violation for element
*** Error 161 in C:\Users\sebas\Documents\CloudDrive\Uni\WS24\Research Project\gams\final_firstDecision2.gms
    Conflicting dimensions in element
*** Error 170 in C:\Users\sebas\Documents\CloudDrive\Uni\WS24\Research Project\gams\final_firstDecision2.gms
    Domain violation for element
*** Error 161 in C:\Users\sebas\Documents\CloudDrive\Uni\WS24\Research Project\gams\final_firstDecision2.gms
    Conflicting dimensions in element
--- final_firstDecision2.gms(48) 3 Mb 24 Errors
*** Error 170 in C:\Users\sebas\Documents\CloudDrive\Uni\WS24\Research Project\gams\final_firstDecision2.gms
    Domain violation for element
*** Error 148 in C:\Users\sebas\Documents\CloudDrive\Uni\WS24\Research Project\gams\final_firstDecision2.gms
    Dimension different - The symbol is referenced with more/less
       indices as declared
*** Error 170 in C:\Users\sebas\Documents\CloudDrive\Uni\WS24\Research Project\gams\final_firstDecision2.gms
    Domain violation for element
*** Error 161 in C:\Users\sebas\Documents\CloudDrive\Uni\WS24\Research Project\gams\final_firstDecision2.gms
    Conflicting dimensions in element
*** Error 170 in C:\Users\sebas\Documents\CloudDrive\Uni\WS24\Research Project\gams\final_firstDecision2.gms
    Domain violation for element
*** Error 161 in C:\Users\sebas\Documents\CloudDrive\Uni\WS24\Research Project\gams\final_firstDecision2.gms
    Conflicting dimensions in element
--- final_firstDecision2.gms(49) 3 Mb 30 Errors
*** Error 170 in C:\Users\sebas\Documents\CloudDrive\Uni\WS24\Research Project\gams\final_firstDecision2.gms
    Domain violation for element
*** Error 148 in C:\Users\sebas\Documents\CloudDrive\Uni\WS24\Research Project\gams\final_firstDecision2.gms
    Dimension different - The symbol is referenced with more/less
       indices as declared
*** Error 170 in C:\Users\sebas\Documents\CloudDrive\Uni\WS24\Research Project\gams\final_firstDecision2.gms
    Domain violation for element
*** Error 161 in C:\Users\sebas\Documents\CloudDrive\Uni\WS24\Research Project\gams\final_firstDecision2.gms
    Conflicting dimensions in element
*** Error 170 in C:\Users\sebas\Documents\CloudDrive\Uni\WS24\Research Project\gams\final_firstDecision2.gms
    Domain violation for element
*** Error 161 in C:\Users\sebas\Documents\CloudDrive\Uni\WS24\Research Project\gams\final_firstDecision2.gms
    Conflicting dimensions in element
--- final_firstDecision2.gms(50) 3 Mb 36 Errors
*** Error 170 in C:\Users\sebas\Documents\CloudDrive\Uni\WS24\Research Project\gams\final_firstDecision2.gms
    Domain violation for element
*** Error 148 in C:\Users\sebas\Documents\CloudDrive\Uni\WS24\Research Project\gams\final_firstDecision2.gms
    Dimension different - The symbol is referenced with more/less
       indices as declared
*** Error 170 in C:\Users\sebas\Documents\CloudDrive\Uni\WS24\Research Project\gams\final_firstDecision2.gms
    Domain violation for element
*** Error 161 in C:\Users\sebas\Documents\CloudDrive\Uni\WS24\Research Project\gams\final_firstDecision2.gms
    Conflicting dimensions in element
*** Error 170 in C:\Users\sebas\Documents\CloudDrive\Uni\WS24\Research Project\gams\final_firstDecision2.gms
    Domain violation for element
*** Error 161 in C:\Users\sebas\Documents\CloudDrive\Uni\WS24\Research Project\gams\final_firstDecision2.gms
    Conflicting dimensions in element
--- final_firstDecision2.gms(51) 3 Mb 42 Errors
*** Error 170 in C:\Users\sebas\Documents\CloudDrive\Uni\WS24\Research Project\gams\final_firstDecision2.gms
    Domain violation for element
*** Error 148 in C:\Users\sebas\Documents\CloudDrive\Uni\WS24\Research Project\gams\final_firstDecision2.gms
    Dimension different - The symbol is referenced with more/less
       indices as declared
*** Error 170 in C:\Users\sebas\Documents\CloudDrive\Uni\WS24\Research Project\gams\final_firstDecision2.gms
    Domain violation for element
*** Error 161 in C:\Users\sebas\Documents\CloudDrive\Uni\WS24\Research Project\gams\final_firstDecision2.gms
    Conflicting dimensions in element
*** Error 170 in C:\Users\sebas\Documents\CloudDrive\Uni\WS24\Research Project\gams\final_firstDecision2.gms
    Domain violation for element
*** Error 161 in C:\Users\sebas\Documents\CloudDrive\Uni\WS24\Research Project\gams\final_firstDecision2.gms
    Conflicting dimensions in element
--- final_firstDecision2.gms(52) 3 Mb 48 Errors
*** Error 170 in C:\Users\sebas\Documents\CloudDrive\Uni\WS24\Research Project\gams\final_firstDecision2.gms
    Domain violation for element
*** Error 148 in C:\Users\sebas\Documents\CloudDrive\Uni\WS24\Research Project\gams\final_firstDecision2.gms
    Dimension different - The symbol is referenced with more/less
       indices as declared
*** Error 170 in C:\Users\sebas\Documents\CloudDrive\Uni\WS24\Research Project\gams\final_firstDecision2.gms
    Domain violation for element
*** Error 161 in C:\Users\sebas\Documents\CloudDrive\Uni\WS24\Research Project\gams\final_firstDecision2.gms
    Conflicting dimensions in element
*** Error 170 in C:\Users\sebas\Documents\CloudDrive\Uni\WS24\Research Project\gams\final_firstDecision2.gms
    Domain violation for element
*** Error 161 in C:\Users\sebas\Documents\CloudDrive\Uni\WS24\Research Project\gams\final_firstDecision2.gms
    Conflicting dimensions in element
--- final_firstDecision2.gms(53) 3 Mb 54 Errors
*** Error 170 in C:\Users\sebas\Documents\CloudDrive\Uni\WS24\Research Project\gams\final_firstDecision2.gms
    Domain violation for element
*** Error 148 in C:\Users\sebas\Documents\CloudDrive\Uni\WS24\Research Project\gams\final_firstDecision2.gms
    Dimension different - The symbol is referenced with more/less
       indices as declared
*** Error 170 in C:\Users\sebas\Documents\CloudDrive\Uni\WS24\Research Project\gams\final_firstDecision2.gms
    Domain violation for element
*** Error 161 in C:\Users\sebas\Documents\CloudDrive\Uni\WS24\Research Project\gams\final_firstDecision2.gms
    Conflicting dimensions in element
*** Error 170 in C:\Users\sebas\Documents\CloudDrive\Uni\WS24\Research Project\gams\final_firstDecision2.gms
    Domain violation for element
*** Error 161 in C:\Users\sebas\Documents\CloudDrive\Uni\WS24\Research Project\gams\final_firstDecision2.gms
    Conflicting dimensions in element
--- final_firstDecision2.gms(54) 3 Mb 60 Errors
*** Error 170 in C:\Users\sebas\Documents\CloudDrive\Uni\WS24\Research Project\gams\final_firstDecision2.gms
    Domain violation for element
*** Error 148 in C:\Users\sebas\Documents\CloudDrive\Uni\WS24\Research Project\gams\final_firstDecision2.gms
    Dimension different - The symbol is referenced with more/less
       indices as declared
*** Error 170 in C:\Users\sebas\Documents\CloudDrive\Uni\WS24\Research Project\gams\final_firstDecision2.gms
    Domain violation for element
*** Error 161 in C:\Users\sebas\Documents\CloudDrive\Uni\WS24\Research Project\gams\final_firstDecision2.gms
    Conflicting dimensions in element
*** Error 170 in C:\Users\sebas\Documents\CloudDrive\Uni\WS24\Research Project\gams\final_firstDecision2.gms
    Domain violation for element
*** Error 161 in C:\Users\sebas\Documents\CloudDrive\Uni\WS24\Research Project\gams\final_firstDecision2.gms
    Conflicting dimensions in element
--- final_firstDecision2.gms(142) 3 Mb 62 Errors
*** Error 171 in C:\Users\sebas\Documents\CloudDrive\Uni\WS24\Research Project\gams\final_firstDecision2.gms
    Domain violation for set
*** Error 148 in C:\Users\sebas\Documents\CloudDrive\Uni\WS24\Research Project\gams\final_firstDecision2.gms
    Dimension different - The symbol is referenced with more/less
       indices as declared
--- final_firstDecision2.gms(143) 3 Mb 63 Errors
*** Error 149 in C:\Users\sebas\Documents\CloudDrive\Uni\WS24\Research Project\gams\final_firstDecision2.gms
    Uncontrolled set entered as constant
--- final_firstDecision2.gms(144) 3 Mb 66 Errors
*** Error 149 in C:\Users\sebas\Documents\CloudDrive\Uni\WS24\Research Project\gams\final_firstDecision2.gms
    Uncontrolled set entered as constant
*** Error 140 in C:\Users\sebas\Documents\CloudDrive\Uni\WS24\Research Project\gams\final_firstDecision2.gms
    Unknown symbol
*** Error 149 in C:\Users\sebas\Documents\CloudDrive\Uni\WS24\Research Project\gams\final_firstDecision2.gms
    Uncontrolled set entered as constant
--- final_firstDecision2.gms(145) 3 Mb 69 Errors
*** Error 149 in C:\Users\sebas\Documents\CloudDrive\Uni\WS24\Research Project\gams\final_firstDecision2.gms
    Uncontrolled set entered as constant
*** Error 140 in C:\Users\sebas\Documents\CloudDrive\Uni\WS24\Research Project\gams\final_firstDecision2.gms
    Unknown symbol
*** Error 149 in C:\Users\sebas\Documents\CloudDrive\Uni\WS24\Research Project\gams\final_firstDecision2.gms
    Uncontrolled set entered as constant
--- final_firstDecision2.gms(150) 3 Mb 70 Errors
*** Error 149 in C:\Users\sebas\Documents\CloudDrive\Uni\WS24\Research Project\gams\final_firstDecision2.gms
    Uncontrolled set entered as constant
--- final_firstDecision2.gms(151) 3 Mb 72 Errors
*** Error 149 in C:\Users\sebas\Documents\CloudDrive\Uni\WS24\Research Project\gams\final_firstDecision2.gms
    Uncontrolled set entered as constant
*** Error 149 in C:\Users\sebas\Documents\CloudDrive\Uni\WS24\Research Project\gams\final_firstDecision2.gms
    Uncontrolled set entered as constant
--- final_firstDecision2.gms(152) 3 Mb 74 Errors
*** Error 149 in C:\Users\sebas\Documents\CloudDrive\Uni\WS24\Research Project\gams\final_firstDecision2.gms
    Uncontrolled set entered as constant
*** Error 149 in C:\Users\sebas\Documents\CloudDrive\Uni\WS24\Research Project\gams\final_firstDecision2.gms
    Uncontrolled set entered as constant
--- final_firstDecision2.gms(156) 3 Mb 76 Errors
*** Error 171 in C:\Users\sebas\Documents\CloudDrive\Uni\WS24\Research Project\gams\final_firstDecision2.gms
    Domain violation for set
*** Error 148 in C:\Users\sebas\Documents\CloudDrive\Uni\WS24\Research Project\gams\final_firstDecision2.gms
    Dimension different - The symbol is referenced with more/less
       indices as declared
--- final_firstDecision2.gms(157) 3 Mb 77 Errors
*** Error 149 in C:\Users\sebas\Documents\CloudDrive\Uni\WS24\Research Project\gams\final_firstDecision2.gms
    Uncontrolled set entered as constant
--- final_firstDecision2.gms(158) 3 Mb 79 Errors
*** Error 149 in C:\Users\sebas\Documents\CloudDrive\Uni\WS24\Research Project\gams\final_firstDecision2.gms
    Uncontrolled set entered as constant
*** Error 149 in C:\Users\sebas\Documents\CloudDrive\Uni\WS24\Research Project\gams\final_firstDecision2.gms
    Uncontrolled set entered as constant
--- final_firstDecision2.gms(159) 3 Mb 81 Errors
*** Error 149 in C:\Users\sebas\Documents\CloudDrive\Uni\WS24\Research Project\gams\final_firstDecision2.gms
    Uncontrolled set entered as constant
*** Error 149 in C:\Users\sebas\Documents\CloudDrive\Uni\WS24\Research Project\gams\final_firstDecision2.gms
    Uncontrolled set entered as constant
--- final_firstDecision2.gms(163) 3 Mb 82 Errors
*** Error 149 in C:\Users\sebas\Documents\CloudDrive\Uni\WS24\Research Project\gams\final_firstDecision2.gms
    Uncontrolled set entered as constant
--- final_firstDecision2.gms(164) 3 Mb 84 Errors
*** Error 149 in C:\Users\sebas\Documents\CloudDrive\Uni\WS24\Research Project\gams\final_firstDecision2.gms
    Uncontrolled set entered as constant
*** Error 149 in C:\Users\sebas\Documents\CloudDrive\Uni\WS24\Research Project\gams\final_firstDecision2.gms
    Uncontrolled set entered as constant
--- final_firstDecision2.gms(165) 3 Mb 86 Errors
*** Error 149 in C:\Users\sebas\Documents\CloudDrive\Uni\WS24\Research Project\gams\final_firstDecision2.gms
    Uncontrolled set entered as constant
*** Error 149 in C:\Users\sebas\Documents\CloudDrive\Uni\WS24\Research Project\gams\final_firstDecision2.gms
    Uncontrolled set entered as constant
--- final_firstDecision2.gms(173) 3 Mb 94 Errors
*** Error 148 in C:\Users\sebas\Documents\CloudDrive\Uni\WS24\Research Project\gams\final_firstDecision2.gms
    Dimension different - The symbol is referenced with more/less
       indices as declared
*** Error 148 in C:\Users\sebas\Documents\CloudDrive\Uni\WS24\Research Project\gams\final_firstDecision2.gms
    Dimension different - The symbol is referenced with more/less
       indices as declared
*** Error 148 in C:\Users\sebas\Documents\CloudDrive\Uni\WS24\Research Project\gams\final_firstDecision2.gms
    Dimension different - The symbol is referenced with more/less
       indices as declared
*** Error 148 in C:\Users\sebas\Documents\CloudDrive\Uni\WS24\Research Project\gams\final_firstDecision2.gms
    Dimension different - The symbol is referenced with more/less
       indices as declared
*** Error 148 in C:\Users\sebas\Documents\CloudDrive\Uni\WS24\Research Project\gams\final_firstDecision2.gms
    Dimension different - The symbol is referenced with more/less
       indices as declared
*** Error 148 in C:\Users\sebas\Documents\CloudDrive\Uni\WS24\Research Project\gams\final_firstDecision2.gms
    Dimension different - The symbol is referenced with more/less
       indices as declared
*** Error 148 in C:\Users\sebas\Documents\CloudDrive\Uni\WS24\Research Project\gams\final_firstDecision2.gms
    Dimension different - The symbol is referenced with more/less
       indices as declared
*** Error 148 in C:\Users\sebas\Documents\CloudDrive\Uni\WS24\Research Project\gams\final_firstDecision2.gms
    Dimension different - The symbol is referenced with more/less
       indices as declared
--- final_firstDecision2.gms(179) 3 Mb 98 Errors
*** Error 171 in C:\Users\sebas\Documents\CloudDrive\Uni\WS24\Research Project\gams\final_firstDecision2.gms
    Domain violation for set
*** Error 148 in C:\Users\sebas\Documents\CloudDrive\Uni\WS24\Research Project\gams\final_firstDecision2.gms
    Dimension different - The symbol is referenced with more/less
       indices as declared
*** Error 171 in C:\Users\sebas\Documents\CloudDrive\Uni\WS24\Research Project\gams\final_firstDecision2.gms
    Domain violation for set
*** Error 148 in C:\Users\sebas\Documents\CloudDrive\Uni\WS24\Research Project\gams\final_firstDecision2.gms
    Dimension different - The symbol is referenced with more/less
       indices as declared
--- final_firstDecision2.gms(180) 3 Mb 102 Errors
*** Error 171 in C:\Users\sebas\Documents\CloudDrive\Uni\WS24\Research Project\gams\final_firstDecision2.gms
    Domain violation for set
*** Error 148 in C:\Users\sebas\Documents\CloudDrive\Uni\WS24\Research Project\gams\final_firstDecision2.gms
    Dimension different - The symbol is referenced with more/less
       indices as declared
*** Error 171 in C:\Users\sebas\Documents\CloudDrive\Uni\WS24\Research Project\gams\final_firstDecision2.gms
    Domain violation for set
*** Error 148 in C:\Users\sebas\Documents\CloudDrive\Uni\WS24\Research Project\gams\final_firstDecision2.gms
    Dimension different - The symbol is referenced with more/less
       indices as declared
--- final_firstDecision2.gms(181) 3 Mb 106 Errors
*** Error 171 in C:\Users\sebas\Documents\CloudDrive\Uni\WS24\Research Project\gams\final_firstDecision2.gms
    Domain violation for set
*** Error 148 in C:\Users\sebas\Documents\CloudDrive\Uni\WS24\Research Project\gams\final_firstDecision2.gms
    Dimension different - The symbol is referenced with more/less
       indices as declared
*** Error 171 in C:\Users\sebas\Documents\CloudDrive\Uni\WS24\Research Project\gams\final_firstDecision2.gms
    Domain violation for set
*** Error 148 in C:\Users\sebas\Documents\CloudDrive\Uni\WS24\Research Project\gams\final_firstDecision2.gms
    Dimension different - The symbol is referenced with more/less
       indices as declared
--- final_firstDecision2.gms(182) 3 Mb 110 Errors
*** Error 171 in C:\Users\sebas\Documents\CloudDrive\Uni\WS24\Research Project\gams\final_firstDecision2.gms
    Domain violation for set
*** Error 148 in C:\Users\sebas\Documents\CloudDrive\Uni\WS24\Research Project\gams\final_firstDecision2.gms
    Dimension different - The symbol is referenced with more/less
       indices as declared
*** Error 171 in C:\Users\sebas\Documents\CloudDrive\Uni\WS24\Research Project\gams\final_firstDecision2.gms
    Domain violation for set
*** Error 148 in C:\Users\sebas\Documents\CloudDrive\Uni\WS24\Research Project\gams\final_firstDecision2.gms
    Dimension different - The symbol is referenced with more/less
       indices as declared
--- final_firstDecision2.gms(186) 3 Mb 111 Errors
*** Error 150 in C:\Users\sebas\Documents\CloudDrive\Uni\WS24\Research Project\gams\final_firstDecision2.gms
    Symbolic equations redefined
--- final_firstDecision2.gms(187) 3 Mb 112 Errors
*** Error 140 in C:\Users\sebas\Documents\CloudDrive\Uni\WS24\Research Project\gams\final_firstDecision2.gms
    Unknown symbol
--- final_firstDecision2.gms(188) 3 Mb 113 Errors
*** Error 150 in C:\Users\sebas\Documents\CloudDrive\Uni\WS24\Research Project\gams\final_firstDecision2.gms
    Symbolic equations redefined
--- final_firstDecision2.gms(202) 3 Mb 114 Errors
*** Error 140 in C:\Users\sebas\Documents\CloudDrive\Uni\WS24\Research Project\gams\final_firstDecision2.gms
    Unknown symbol
--- final_firstDecision2.gms(203) 3 Mb 115 Errors
*** Error 150 in C:\Users\sebas\Documents\CloudDrive\Uni\WS24\Research Project\gams\final_firstDecision2.gms
    Symbolic equations redefined
--- final_firstDecision2.gms(204) 3 Mb 116 Errors
*** Error 140 in C:\Users\sebas\Documents\CloudDrive\Uni\WS24\Research Project\gams\final_firstDecision2.gms
    Unknown symbol
--- final_firstDecision2.gms(205) 3 Mb 117 Errors
*** Error 150 in C:\Users\sebas\Documents\CloudDrive\Uni\WS24\Research Project\gams\final_firstDecision2.gms
    Symbolic equations redefined
--- final_firstDecision2.gms(207) 3 Mb 118 Errors
*** Error 140 in C:\Users\sebas\Documents\CloudDrive\Uni\WS24\Research Project\gams\final_firstDecision2.gms
    Unknown symbol
--- final_firstDecision2.gms(208) 3 Mb 119 Errors
*** Error 140 in C:\Users\sebas\Documents\CloudDrive\Uni\WS24\Research Project\gams\final_firstDecision2.gms
    Unknown symbol
--- final_firstDecision2.gms(209) 3 Mb 120 Errors
*** Error 140 in C:\Users\sebas\Documents\CloudDrive\Uni\WS24\Research Project\gams\final_firstDecision2.gms
    Unknown symbol
--- final_firstDecision2.gms(210) 3 Mb 121 Errors
*** Error 140 in C:\Users\sebas\Documents\CloudDrive\Uni\WS24\Research Project\gams\final_firstDecision2.gms
    Unknown symbol
--- final_firstDecision2.gms(212) 3 Mb 122 Errors
*** Error 140 in C:\Users\sebas\Documents\CloudDrive\Uni\WS24\Research Project\gams\final_firstDecision2.gms
    Unknown symbol
--- final_firstDecision2.gms(213) 3 Mb 123 Errors
*** Error 140 in C:\Users\sebas\Documents\CloudDrive\Uni\WS24\Research Project\gams\final_firstDecision2.gms
    Unknown symbol
--- final_firstDecision2.gms(214) 3 Mb 124 Errors
*** Error 140 in C:\Users\sebas\Documents\CloudDrive\Uni\WS24\Research Project\gams\final_firstDecision2.gms
    Unknown symbol
--- final_firstDecision2.gms(215) 3 Mb 125 Errors
*** Error 140 in C:\Users\sebas\Documents\CloudDrive\Uni\WS24\Research Project\gams\final_firstDecision2.gms
    Unknown symbol
--- final_firstDecision2.gms(222) 3 Mb 126 Errors
*** Error 149 in C:\Users\sebas\Documents\CloudDrive\Uni\WS24\Research Project\gams\final_firstDecision2.gms
    Uncontrolled set entered as constant
--- final_firstDecision2.gms(223) 3 Mb 128 Errors
*** Error 149 in C:\Users\sebas\Documents\CloudDrive\Uni\WS24\Research Project\gams\final_firstDecision2.gms
    Uncontrolled set entered as constant
*** Error 149 in C:\Users\sebas\Documents\CloudDrive\Uni\WS24\Research Project\gams\final_firstDecision2.gms
    Uncontrolled set entered as constant
--- final_firstDecision2.gms(224) 3 Mb 130 Errors
*** Error 149 in C:\Users\sebas\Documents\CloudDrive\Uni\WS24\Research Project\gams\final_firstDecision2.gms
    Uncontrolled set entered as constant
*** Error 149 in C:\Users\sebas\Documents\CloudDrive\Uni\WS24\Research Project\gams\final_firstDecision2.gms
    Uncontrolled set entered as constant
--- final_firstDecision2.gms(228) 3 Mb 131 Errors
*** Error 149 in C:\Users\sebas\Documents\CloudDrive\Uni\WS24\Research Project\gams\final_firstDecision2.gms
    Uncontrolled set entered as constant
--- final_firstDecision2.gms(229) 3 Mb 133 Errors
*** Error 149 in C:\Users\sebas\Documents\CloudDrive\Uni\WS24\Research Project\gams\final_firstDecision2.gms
    Uncontrolled set entered as constant
*** Error 149 in C:\Users\sebas\Documents\CloudDrive\Uni\WS24\Research Project\gams\final_firstDecision2.gms
    Uncontrolled set entered as constant
--- final_firstDecision2.gms(230) 3 Mb 135 Errors
*** Error 149 in C:\Users\sebas\Documents\CloudDrive\Uni\WS24\Research Project\gams\final_firstDecision2.gms
    Uncontrolled set entered as constant
*** Error 149 in C:\Users\sebas\Documents\CloudDrive\Uni\WS24\Research Project\gams\final_firstDecision2.gms
    Uncontrolled set entered as constant
--- final_firstDecision2.gms(234) 3 Mb 136 Errors
*** Error 149 in C:\Users\sebas\Documents\CloudDrive\Uni\WS24\Research Project\gams\final_firstDecision2.gms
    Uncontrolled set entered as constant
--- final_firstDecision2.gms(235) 3 Mb 138 Errors
*** Error 149 in C:\Users\sebas\Documents\CloudDrive\Uni\WS24\Research Project\gams\final_firstDecision2.gms
    Uncontrolled set entered as constant
*** Error 149 in C:\Users\sebas\Documents\CloudDrive\Uni\WS24\Research Project\gams\final_firstDecision2.gms
    Uncontrolled set entered as constant
--- final_firstDecision2.gms(236) 3 Mb 140 Errors
*** Error 149 in C:\Users\sebas\Documents\CloudDrive\Uni\WS24\Research Project\gams\final_firstDecision2.gms
    Uncontrolled set entered as constant
*** Error 149 in C:\Users\sebas\Documents\CloudDrive\Uni\WS24\Research Project\gams\final_firstDecision2.gms
    Uncontrolled set entered as constant
--- final_firstDecision2.gms(240) 3 Mb 142 Errors
*** Error 140 in C:\Users\sebas\Documents\CloudDrive\Uni\WS24\Research Project\gams\final_firstDecision2.gms
    Unknown symbol
*** Error 149 in C:\Users\sebas\Documents\CloudDrive\Uni\WS24\Research Project\gams\final_firstDecision2.gms
    Uncontrolled set entered as constant
--- final_firstDecision2.gms(241) 3 Mb 144 Errors
*** Error 149 in C:\Users\sebas\Documents\CloudDrive\Uni\WS24\Research Project\gams\final_firstDecision2.gms
    Uncontrolled set entered as constant
*** Error 149 in C:\Users\sebas\Documents\CloudDrive\Uni\WS24\Research Project\gams\final_firstDecision2.gms
    Uncontrolled set entered as constant
--- final_firstDecision2.gms(242) 3 Mb 147 Errors
*** Error 149 in C:\Users\sebas\Documents\CloudDrive\Uni\WS24\Research Project\gams\final_firstDecision2.gms
    Uncontrolled set entered as constant
*** Error 149 in C:\Users\sebas\Documents\CloudDrive\Uni\WS24\Research Project\gams\final_firstDecision2.gms
    Uncontrolled set entered as constant
*** Error  37 in C:\Users\sebas\Documents\CloudDrive\Uni\WS24\Research Project\gams\final_firstDecision2.gms
    '=l=' or '=e=' or '=g=' operator expected
--- final_firstDecision2.gms(248) 3 Mb 151 Errors
*** Error 140 in C:\Users\sebas\Documents\CloudDrive\Uni\WS24\Research Project\gams\final_firstDecision2.gms
    Unknown symbol
*** Error 140 in C:\Users\sebas\Documents\CloudDrive\Uni\WS24\Research Project\gams\final_firstDecision2.gms
    Unknown symbol
*** Error 140 in C:\Users\sebas\Documents\CloudDrive\Uni\WS24\Research Project\gams\final_firstDecision2.gms
    Unknown symbol
*** Error 149 in C:\Users\sebas\Documents\CloudDrive\Uni\WS24\Research Project\gams\final_firstDecision2.gms
    Uncontrolled set entered as constant
--- final_firstDecision2.gms(249) 3 Mb 153 Errors
*** Error 140 in C:\Users\sebas\Documents\CloudDrive\Uni\WS24\Research Project\gams\final_firstDecision2.gms
    Unknown symbol
*** Error 149 in C:\Users\sebas\Documents\CloudDrive\Uni\WS24\Research Project\gams\final_firstDecision2.gms
    Uncontrolled set entered as constant
--- final_firstDecision2.gms(250) 3 Mb 155 Errors
*** Error 140 in C:\Users\sebas\Documents\CloudDrive\Uni\WS24\Research Project\gams\final_firstDecision2.gms
    Unknown symbol
*** Error 149 in C:\Users\sebas\Documents\CloudDrive\Uni\WS24\Research Project\gams\final_firstDecision2.gms
    Uncontrolled set entered as constant
--- final_firstDecision2.gms(251) 3 Mb 157 Errors
*** Error 140 in C:\Users\sebas\Documents\CloudDrive\Uni\WS24\Research Project\gams\final_firstDecision2.gms
    Unknown symbol
*** Error 149 in C:\Users\sebas\Documents\CloudDrive\Uni\WS24\Research Project\gams\final_firstDecision2.gms
    Uncontrolled set entered as constant
--- final_firstDecision2.gms(257) 3 Mb 158 Errors
*** Error 148 in C:\Users\sebas\Documents\CloudDrive\Uni\WS24\Research Project\gams\final_firstDecision2.gms
    Dimension different - The symbol is referenced with more/less
       indices as declared
--- final_firstDecision2.gms(259) 3 Mb 159 Errors
*** Error 148 in C:\Users\sebas\Documents\CloudDrive\Uni\WS24\Research Project\gams\final_firstDecision2.gms
    Dimension different - The symbol is referenced with more/less
       indices as declared
--- final_firstDecision2.gms(262) 3 Mb 160 Errors
*** Error 148 in C:\Users\sebas\Documents\CloudDrive\Uni\WS24\Research Project\gams\final_firstDecision2.gms
    Dimension different - The symbol is referenced with more/less
       indices as declared
--- final_firstDecision2.gms(263) 3 Mb 161 Errors
*** Error 148 in C:\Users\sebas\Documents\CloudDrive\Uni\WS24\Research Project\gams\final_firstDecision2.gms
    Dimension different - The symbol is referenced with more/less
       indices as declared
--- final_firstDecision2.gms(269) 3 Mb 162 Errors
*** Error 257 in C:\Users\sebas\Documents\CloudDrive\Uni\WS24\Research Project\gams\final_firstDecision2.gms
    Solve statement not checked because of previous errors
--- final_firstDecision2.gms(269) 3 Mb 162 Errors
*** Status: Compilation error(s)
--- Job final_firstDecision2.gms Stop 03/18/25 19:16:49 elapsed 0:00:00.016
